{"uuid":"b1c6f1bd-2466-4e61-af45-c845cfd22b4b","historyId":"ad95717842cce4dd9eaa3702bd0a4e76","fullName":"RegistrationTestSuite.RegistrationTestCase.registrationPassWordIsEmpty","labels":[{"name":"package","value":"RegistrationTestSuite.RegistrationTestCase"},{"name":"testClass","value":"RegistrationTestSuite.RegistrationTestCase"},{"name":"testMethod","value":"registrationPassWordIsEmpty"},{"name":"parentSuite","value":"Default Suite"},{"name":"suite","value":"etsyTestFinalProject"},{"name":"subSuite","value":"RegistrationTestSuite.RegistrationTestCase"},{"name":"host","value":"uri"},{"name":"thread","value":"56579@uri.main(1)"},{"name":"framework","value":"testng"},{"name":"language","value":"java"}],"links":[],"name":"registrationPassWordIsEmpty","status":"skipped","statusDetails":{"known":false,"muted":false,"flaky":false,"message":"java.lang.IndexOutOfBoundsException: Index 9 out of bounds for length 9","trace":"java.lang.RuntimeException: java.lang.IndexOutOfBoundsException: Index 9 out of bounds for length 9\n\tat org.testng.internal.MethodInvocationHelper.invokeMethodNoCheckedException(MethodInvocationHelper.java:49)\n\tat org.testng.internal.MethodInvocationHelper.invokeDataProvider(MethodInvocationHelper.java:131)\n\tat org.testng.internal.Parameters.handleParameters(Parameters.java:706)\n\tat org.testng.internal.ParameterHandler.handleParameters(ParameterHandler.java:49)\n\tat org.testng.internal.ParameterHandler.createParameters(ParameterHandler.java:37)\n\tat org.testng.internal.Invoker.invokeTestMethods(Invoker.java:924)\n\tat org.testng.internal.TestMethodWorker.invokeTestMethods(TestMethodWorker.java:125)\n\tat org.testng.internal.TestMethodWorker.run(TestMethodWorker.java:109)\n\tat org.testng.TestRunner.privateRun(TestRunner.java:648)\n\tat org.testng.TestRunner.run(TestRunner.java:505)\n\tat org.testng.SuiteRunner.runTest(SuiteRunner.java:455)\n\tat org.testng.SuiteRunner.runSequentially(SuiteRunner.java:450)\n\tat org.testng.SuiteRunner.privateRun(SuiteRunner.java:415)\n\tat org.testng.SuiteRunner.run(SuiteRunner.java:364)\n\tat org.testng.SuiteRunnerWorker.runSuite(SuiteRunnerWorker.java:52)\n\tat org.testng.SuiteRunnerWorker.run(SuiteRunnerWorker.java:84)\n\tat org.testng.TestNG.runSuitesSequentially(TestNG.java:1208)\n\tat org.testng.TestNG.runSuitesLocally(TestNG.java:1137)\n\tat org.testng.TestNG.runSuites(TestNG.java:1049)\n\tat org.testng.TestNG.run(TestNG.java:1017)\n\tat com.intellij.rt.testng.IDEARemoteTestNG.run(IDEARemoteTestNG.java:66)\n\tat com.intellij.rt.testng.RemoteTestNGStarter.main(RemoteTestNGStarter.java:109)\nCaused by: java.lang.IndexOutOfBoundsException: Index 9 out of bounds for length 9\n\tat java.base/jdk.internal.util.Preconditions.outOfBounds(Preconditions.java:64)\n\tat java.base/jdk.internal.util.Preconditions.outOfBoundsCheckIndex(Preconditions.java:70)\n\tat java.base/jdk.internal.util.Preconditions.checkIndex(Preconditions.java:248)\n\tat java.base/java.util.Objects.checkIndex(Objects.java:372)\n\tat java.base/java.util.ArrayList.get(ArrayList.java:459)\n\tat Utils.ExcelUtils.initDataProvider(ExcelUtils.java:65)\n\tat RegistrationTestSuite.RegistrationTestCase.dataForEmptyPassWordRegistration(RegistrationTestCase.java:76)\n\tat java.base/jdk.internal.reflect.NativeMethodAccessorImpl.invoke0(Native Method)\n\tat java.base/jdk.internal.reflect.NativeMethodAccessorImpl.invoke(NativeMethodAccessorImpl.java:62)\n\tat java.base/jdk.internal.reflect.DelegatingMethodAccessorImpl.invoke(DelegatingMethodAccessorImpl.java:43)\n\tat java.base/java.lang.reflect.Method.invoke(Method.java:566)\n\tat org.testng.internal.MethodInvocationHelper.invokeMethod(MethodInvocationHelper.java:124)\n\tat org.testng.internal.MethodInvocationHelper.invokeMethod(MethodInvocationHelper.java:74)\n\tat org.testng.internal.MethodInvocationHelper.invokeMethodNoCheckedException(MethodInvocationHelper.java:45)\n\t... 21 more\n"},"stage":"finished","steps":[],"attachments":[],"parameters":[],"start":1661861012402,"stop":1661861012404}